<?xml version="1.0" encoding="UTF-8"?>
<testsuite name="com.example.hello_selenium_junit.MainPageTest" tests="1" skipped="0" failures="0" errors="0" timestamp="2021-02-03T16:00:36" hostname="ubuntu" time="18.514">
  <properties/>
  <testcase name="search()" classname="com.example.hello_selenium_junit.MainPageTest" time="18.514"/>
  <system-out><![CDATA[]]></system-out>
  <system-err><![CDATA[[Test worker] INFO com.codeborne.selenide.impl.WebDriverThreadLocalContainer - No webdriver is bound to current thread: 11 - let's create a new webdriver
[Test worker] INFO com.codeborne.selenide.impl.FileHelper - Creating folder: /home/viewadmin/hello-selenium-junit/build/downloads/1612368036182_100852_11
[Test worker] INFO io.github.bonigarcia.wdm.WebDriverManager - Using geckodriver 0.29.0 (resolved driver for Firefox 84)
[Test worker] INFO io.github.bonigarcia.wdm.WebDriverManager - Exporting webdriver.gecko.driver as /home/viewadmin/.cache/selenium/geckodriver/linux64/0.29.0/geckodriver
[Test worker] INFO com.codeborne.selenide.webdriver.AbstractDriverFactory - Write webdriver logs to: /home/viewadmin/hello-selenium-junit/build/reports/tests/webdriver.1612368037729_100852_11.log
Feb 03, 2021 5:00:44 PM org.openqa.selenium.remote.ProtocolHandshake createSession
INFO: Detected dialect: W3C
[Test worker] INFO com.codeborne.selenide.webdriver.WebDriverFactory - BrowserName=firefox Version=84.0.2 Platform=LINUX
[Test worker] INFO com.codeborne.selenide.webdriver.WebDriverFactory - Selenide v. 5.16.2
[Test worker] INFO com.codeborne.selenide.webdriver.WebDriverFactory - Selenium WebDriver v. 3.141.59 build time: 2018-11-14T08:17:03
[Test worker] INFO com.codeborne.selenide.drivercommands.CreateDriverCommand - Create webdriver in current thread 11: FirefoxDriver -> FirefoxDriver: firefox on LINUX (8026b3d9-435e-4ab5-9470-515d8e4ed4e9)
]]></system-err>
</testsuite>
