<?xml version="1.0" encoding="UTF-8"?>
<testsuite name="com.example.hello_selenium_junit.imdbTest" tests="1" skipped="0" failures="0" errors="0" timestamp="2021-02-03T16:01:22" hostname="ubuntu" time="18.629">
  <properties/>
  <testcase name="imdbwandavision()" classname="com.example.hello_selenium_junit.imdbTest" time="18.629"/>
  <system-out><![CDATA[]]></system-out>
  <system-err><![CDATA[1612368082661	geckodriver	INFO	Listening on 127.0.0.1:30398
1612368082685	mozrunner::runner	INFO	Running command: "/usr/lib/firefox/firefox" "--marionette" "-headless" "-foreground" "-no-remote" "-profile" "/tmp/rust_mozprofile3S3ITm"
*** You are running in headless mode.

(firefox:101645): GLib-GObject-WARNING **: 17:01:23.710: invalid (NULL) pointer instance

(firefox:101645): GLib-GObject-CRITICAL **: 17:01:23.711: g_signal_connect_data: assertion 'G_TYPE_CHECK_INSTANCE (instance)' failed

(/usr/lib/firefox/firefox:101913): GLib-GObject-WARNING **: 17:01:25.319: invalid (NULL) pointer instance

(/usr/lib/firefox/firefox:101913): GLib-GObject-CRITICAL **: 17:01:25.320: g_signal_connect_data: assertion 'G_TYPE_CHECK_INSTANCE (instance)' failed

(/usr/lib/firefox/firefox:101930): GLib-GObject-WARNING **: 17:01:25.646: invalid (NULL) pointer instance

(/usr/lib/firefox/firefox:101930): GLib-GObject-CRITICAL **: 17:01:25.647: g_signal_connect_data: assertion 'G_TYPE_CHECK_INSTANCE (instance)' failed
console.warn: SearchSettings: "get: No settings file exists, new profile?" (new Error("", "(unknown module)"))

(/usr/lib/firefox/firefox:101990): GLib-GObject-WARNING **: 17:01:28.923: invalid (NULL) pointer instance

(/usr/lib/firefox/firefox:101990): GLib-GObject-CRITICAL **: 17:01:28.923: g_signal_connect_data: assertion 'G_TYPE_CHECK_INSTANCE (instance)' failed
1612368089421	Marionette	INFO	Listening on port 33815
1612368089547	Marionette	WARN	TLS certificate errors will be ignored for this session
Feb 03, 2021 5:01:29 PM org.openqa.selenium.remote.ProtocolHandshake createSession
INFO: Detected dialect: W3C
1612368096723	Marionette	WARN	TimedPromise timed out after 500 ms: stacktrace:
TimedPromise/<@chrome://marionette/content/sync.js:235:19
TimedPromise@chrome://marionette/content/sync.js:220:10
interaction.flushEventLoop@chrome://marionette/content/interaction.js:418:10
webdriverClickElement@chrome://marionette/content/interaction.js:179:31
JavaScript error: , line 0: NotFoundError: No such JSWindowActor 'MarionetteEvents'
JavaScript error: , line 0: NotFoundError: No such JSWindowActor 'MarionetteEvents'
JavaScript error: , line 0: NotFoundError: No such JSWindowActor 'MarionetteEvents'
1612368098479	Marionette	INFO	Stopped listening on port 33815
]]></system-err>
</testsuite>
