<?xml version="1.0" encoding="UTF-8"?>
<testsuite name="com.example.hello_selenium_junit.RobobarTest" tests="1" skipped="0" failures="0" errors="0" timestamp="2021-02-03T15:50:44" hostname="ubuntu" time="15.263">
  <properties/>
  <testcase name="robobar()" classname="com.example.hello_selenium_junit.RobobarTest" time="15.263"/>
  <system-out><![CDATA[]]></system-out>
  <system-err><![CDATA[1612367446416	geckodriver	INFO	Listening on 127.0.0.1:31115
1612367447547	mozrunner::runner	INFO	Running command: "/usr/lib/firefox/firefox" "--marionette" "-headless" "-foreground" "-no-remote" "-profile" "/tmp/rust_mozprofileLk9yYC"
*** You are running in headless mode.

(firefox:97408): GLib-GObject-WARNING **: 16:50:48.424: invalid (NULL) pointer instance

(firefox:97408): GLib-GObject-CRITICAL **: 16:50:48.424: g_signal_connect_data: assertion 'G_TYPE_CHECK_INSTANCE (instance)' failed

(/usr/lib/firefox/firefox:97629): GLib-GObject-WARNING **: 16:50:49.557: invalid (NULL) pointer instance

(/usr/lib/firefox/firefox:97629): GLib-GObject-CRITICAL **: 16:50:49.557: g_signal_connect_data: assertion 'G_TYPE_CHECK_INSTANCE (instance)' failed

(/usr/lib/firefox/firefox:97649): GLib-GObject-WARNING **: 16:50:49.885: invalid (NULL) pointer instance

(/usr/lib/firefox/firefox:97649): GLib-GObject-CRITICAL **: 16:50:49.887: g_signal_connect_data: assertion 'G_TYPE_CHECK_INSTANCE (instance)' failed
console.warn: SearchSettings: "get: No settings file exists, new profile?" (new Error("", "(unknown module)"))

(/usr/lib/firefox/firefox:97717): GLib-GObject-WARNING **: 16:50:53.144: invalid (NULL) pointer instance

(/usr/lib/firefox/firefox:97717): GLib-GObject-CRITICAL **: 16:50:53.144: g_signal_connect_data: assertion 'G_TYPE_CHECK_INSTANCE (instance)' failed
1612367453350	Marionette	INFO	Listening on port 43753
1612367453442	Marionette	WARN	TLS certificate errors will be ignored for this session
Feb 03, 2021 4:50:53 PM org.openqa.selenium.remote.ProtocolHandshake createSession
INFO: Detected dialect: W3C
JavaScript error: , line 0: NotFoundError: No such JSWindowActor 'MarionetteEvents'
JavaScript error: resource://gre/modules/XULStore.jsm, line 66: Error: Can't find profile directory.
JavaScript error: resource://gre/modules/XULStore.jsm, line 66: Error: Can't find profile directory.
1612367458798	Marionette	INFO	Stopped listening on port 43753

###!!! [Parent][RunMessage] Error: Channel closing: too late to send/recv, messages will be lost

]]></system-err>
</testsuite>
