<?xml version="1.0" encoding="UTF-8"?>
<testsuite name="com.example.hello_selenium_junit.SearchROperaTest" tests="1" skipped="0" failures="0" errors="0" timestamp="2021-02-05T11:57:42" hostname="ubuntu" time="12.474">
  <properties/>
  <testcase name="searchdevops()" classname="com.example.hello_selenium_junit.SearchROperaTest" time="12.474"/>
  <system-out><![CDATA[]]></system-out>
  <system-err><![CDATA[Feb 05, 2021 12:57:46 PM org.openqa.selenium.remote.ProtocolHandshake createSession
INFO: Detected dialect: OSS
]]></system-err>
</testsuite>
