<?xml version="1.0" encoding="UTF-8"?>
<testsuite name="com.example.hello_selenium_junit.SearchRChromeTest" tests="1" skipped="0" failures="0" errors="0" timestamp="2021-02-05T12:47:52" hostname="ubuntu" time="17.297">
  <properties/>
  <testcase name="searchdevops()" classname="com.example.hello_selenium_junit.SearchRChromeTest" time="17.297"/>
  <system-out><![CDATA[]]></system-out>
  <system-err><![CDATA[Feb 05, 2021 1:47:54 PM org.openqa.selenium.remote.ProtocolHandshake createSession
INFO: Detected dialect: W3C
]]></system-err>
</testsuite>
