<?xml version="1.0" encoding="UTF-8"?>
<testsuite name="com.example.hello_selenium_junit.RobobarTest" tests="1" skipped="0" failures="0" errors="0" timestamp="2021-02-03T12:16:37" hostname="ubuntu" time="19.708">
  <properties/>
  <testcase name="robobar()" classname="com.example.hello_selenium_junit.RobobarTest" time="19.708"/>
  <system-out><![CDATA[]]></system-out>
  <system-err><![CDATA[1612354599060	geckodriver	INFO	Listening on 127.0.0.1:10250
1612354600000	mozrunner::runner	INFO	Running command: "/usr/lib/firefox/firefox" "--marionette" "-foreground" "-no-remote" "-profile" "/tmp/rust_mozprofileRs0YXN"
console.warn: SearchSettings: "get: No settings file exists, new profile?" (new Error("", "(unknown module)"))
1612354607550	Marionette	INFO	Listening on port 46789
1612354607644	Marionette	WARN	TLS certificate errors will be ignored for this session
Feb 03, 2021 1:16:47 PM org.openqa.selenium.remote.ProtocolHandshake createSession
INFO: Detected dialect: W3C
JavaScript error: , line 0: NotFoundError: No such JSWindowActor 'MarionetteEvents'
JavaScript error: resource://gre/modules/XULStore.jsm, line 66: Error: Can't find profile directory.
JavaScript error: resource://gre/modules/XULStore.jsm, line 66: Error: Can't find profile directory.
1612354614296	Marionette	INFO	Stopped listening on port 46789
]]></system-err>
</testsuite>
