<?xml version="1.0" encoding="UTF-8"?>
<testsuite name="com.example.hello_selenium_junit.RobobarTest" tests="1" skipped="0" failures="0" errors="0" timestamp="2021-02-03T16:00:54" hostname="ubuntu" time="12.086">
  <properties/>
  <testcase name="robobar()" classname="com.example.hello_selenium_junit.RobobarTest" time="12.086"/>
  <system-out><![CDATA[]]></system-out>
  <system-err><![CDATA[1612368054724	geckodriver	INFO	Listening on 127.0.0.1:9126
1612368054759	mozrunner::runner	INFO	Running command: "/usr/lib/firefox/firefox" "--marionette" "-headless" "-foreground" "-no-remote" "-profile" "/tmp/rust_mozprofileR5hnsB"
*** You are running in headless mode.

(firefox:101233): GLib-GObject-WARNING **: 17:00:56.101: invalid (NULL) pointer instance

(firefox:101233): GLib-GObject-CRITICAL **: 17:00:56.107: g_signal_connect_data: assertion 'G_TYPE_CHECK_INSTANCE (instance)' failed

(/usr/lib/firefox/firefox:101286): GLib-GObject-WARNING **: 17:00:57.135: invalid (NULL) pointer instance

(/usr/lib/firefox/firefox:101286): GLib-GObject-CRITICAL **: 17:00:57.136: g_signal_connect_data: assertion 'G_TYPE_CHECK_INSTANCE (instance)' failed

(/usr/lib/firefox/firefox:101306): GLib-GObject-WARNING **: 17:00:57.394: invalid (NULL) pointer instance

(/usr/lib/firefox/firefox:101306): GLib-GObject-CRITICAL **: 17:00:57.395: g_signal_connect_data: assertion 'G_TYPE_CHECK_INSTANCE (instance)' failed
console.warn: SearchSettings: "get: No settings file exists, new profile?" (new Error("", "(unknown module)"))
1612368060361	Marionette	INFO	Listening on port 40739
1612368060457	Marionette	WARN	TLS certificate errors will be ignored for this session

(/usr/lib/firefox/firefox:101371): GLib-GObject-WARNING **: 17:01:00.465: invalid (NULL) pointer instance

(/usr/lib/firefox/firefox:101371): GLib-GObject-CRITICAL **: 17:01:00.465: g_signal_connect_data: assertion 'G_TYPE_CHECK_INSTANCE (instance)' failed
Feb 03, 2021 5:01:00 PM org.openqa.selenium.remote.ProtocolHandshake createSession
INFO: Detected dialect: W3C
JavaScript error: , line 0: NotFoundError: No such JSWindowActor 'MarionetteEvents'
JavaScript error: resource://gre/modules/XULStore.jsm, line 66: Error: Can't find profile directory.
JavaScript error: resource://gre/modules/XULStore.jsm, line 66: Error: Can't find profile directory.
1612368065517	Marionette	INFO	Stopped listening on port 40739

###!!! [Parent][RunMessage] Error: Channel closing: too late to send/recv, messages will be lost

]]></system-err>
</testsuite>
