<?xml version="1.0" encoding="UTF-8"?>
<testsuite name="com.example.hello_selenium_junit.SearchROperaTest" tests="1" skipped="0" failures="0" errors="0" timestamp="2021-02-08T08:42:38" hostname="ubuntu" time="17.984">
  <properties/>
  <testcase name="searchdevops()" classname="com.example.hello_selenium_junit.SearchROperaTest" time="17.984"/>
  <system-out><![CDATA[]]></system-out>
  <system-err><![CDATA[Feb 08, 2021 9:42:50 AM org.openqa.selenium.remote.ProtocolHandshake createSession
INFO: Detected dialect: OSS
]]></system-err>
</testsuite>
